# JRE version: Java(TM) SE Runtime Environment (17.0.5+9) (build 17.0.5+9-LTS-191)
# Java VM: Java HotSpot(TM) 64-Bit Server VM (17.0.5+9-LTS-191, mixed mode, sharing, tiered, compressed oops, compressed class ptrs, g1 gc, windows-amd64)
GC Precious Log:
 CPUs: 8 total, 8 available
 Memory: 7880M
 Large Page Support: Disabled
 NUMA Support: Disabled
 Compressed Oops: Enabled (32-bit)
 Heap Region Size: 1M
 Heap Min Capacity: 256M
 Heap Initial Capacity: 256M
 Heap Max Capacity: 512M
 Pre-touch: Disabled
 Parallel Workers: 8
 Concurrent Workers: 2
 Concurrent Refinement Workers: 8
 Periodic GC: Disabled
Heap:
 garbage-first heap   total 262144K, used 74308K [0x00000000e0000000, 0x0000000100000000)
  region size 1024K, 61 young (62464K), 11 survivors (11264K)
 Metaspace       used 27317K, committed 27712K, reserved 339968K
  class space    used 4090K, committed 4288K, reserved 315392K
GC Heap History (8 events):
Event: 11.462 GC heap before
{Heap before GC invocations=0 (full 0):
 garbage-first heap   total 262144K, used 26624K [0x00000000e0000000, 0x0000000100000000)
  region size 1024K, 23 young (23552K), 0 survivors (0K)
 Metaspace       used 1989K, committed 2176K, reserved 323584K
  class space    used 208K, committed 320K, reserved 315392K
}
Event: 11.694 GC heap after
{Heap after GC invocations=1 (full 0):
 garbage-first heap   total 262144K, used 11179K [0x00000000e0000000, 0x0000000100000000)
  region size 1024K, 3 young (3072K), 3 survivors (3072K)
 Metaspace       used 1989K, committed 2176K, reserved 323584K
  class space    used 208K, committed 320K, reserved 315392K
}
Event: 15.491 GC heap before
{Heap before GC invocations=1 (full 0):
 garbage-first heap   total 262144K, used 38827K [0x00000000e0000000, 0x0000000100000000)
  region size 1024K, 30 young (30720K), 3 survivors (3072K)
 Metaspace       used 4075K, committed 4288K, reserved 323584K
  class space    used 507K, committed 640K, reserved 315392K
}
Event: 15.497 GC heap after
{Heap after GC invocations=2 (full 0):
 garbage-first heap   total 262144K, used 12189K [0x00000000e0000000, 0x0000000100000000)
  region size 1024K, 2 young (2048K), 2 survivors (2048K)
 Metaspace       used 4075K, committed 4288K, reserved 323584K
  class space    used 507K, committed 640K, reserved 315392K
}
Event: 42.067 GC heap before
{Heap before GC invocations=2 (full 0):
 garbage-first heap   total 262144K, used 134045K [0x00000000e0000000, 0x0000000100000000)
  region size 1024K, 119 young (121856K), 2 survivors (2048K)
 Metaspace       used 19861K, committed 20160K, reserved 339968K
  class space    used 2884K, committed 3008K, reserved 315392K
}
Event: 42.147 GC heap after
{Heap after GC invocations=3 (full 0):
 garbage-first heap   total 262144K, used 23241K [0x00000000e0000000, 0x0000000100000000)
  region size 1024K, 11 young (11264K), 11 survivors (11264K)
 Metaspace       used 19861K, committed 20160K, reserved 339968K
  class space    used 2884K, committed 3008K, reserved 315392K
}
Event: 43.786 GC heap before
{Heap before GC invocations=3 (full 0):
 garbage-first heap   total 262144K, used 33481K [0x00000000e0000000, 0x0000000100000000)
  region size 1024K, 22 young (22528K), 11 survivors (11264K)
 Metaspace       used 21253K, committed 21504K, reserved 339968K
  class space    used 3120K, committed 3264K, reserved 315392K
}
Event: 43.820 GC heap after
{Heap after GC invocations=4 (full 0):
 garbage-first heap   total 262144K, used 24132K [0x00000000e0000000, 0x0000000100000000)
  region size 1024K, 11 young (11264K), 11 survivors (11264K)
 Metaspace       used 21253K, committed 21504K, reserved 339968K
  class space    used 3120K, committed 3264K, reserved 315392K
}

