# JRE version: Java(TM) SE Runtime Environment (17.0.5+9) (build 17.0.5+9-LTS-191)
# Java VM: Java HotSpot(TM) 64-Bit Server VM (17.0.5+9-LTS-191, mixed mode, sharing, tiered, compressed oops, compressed class ptrs, g1 gc, windows-amd64)
GC Precious Log:
 CPUs: 8 total, 8 available
 Memory: 7880M
 Large Page Support: Disabled
 NUMA Support: Disabled
 Compressed Oops: Enabled (32-bit)
 Heap Region Size: 1M
 Heap Min Capacity: 256M
 Heap Initial Capacity: 256M
 Heap Max Capacity: 512M
 Pre-touch: Disabled
 Parallel Workers: 8
 Concurrent Workers: 2
 Concurrent Refinement Workers: 8
 Periodic GC: Disabled
Heap:
 garbage-first heap   total 262144K, used 86864K [0x00000000e0000000, 0x0000000100000000)
  region size 1024K, 28 young (28672K), 4 survivors (4096K)
 Metaspace       used 56035K, committed 56576K, reserved 364544K
  class space    used 7726K, committed 8000K, reserved 315392K
GC Heap History (20 events):
Event: 8.074 GC heap before
{Heap before GC invocations=0 (full 0):
 garbage-first heap   total 262144K, used 26624K [0x00000000e0000000, 0x0000000100000000)
  region size 1024K, 23 young (23552K), 0 survivors (0K)
 Metaspace       used 1988K, committed 2176K, reserved 323584K
  class space    used 208K, committed 320K, reserved 315392K
}
Event: 8.282 GC heap after
{Heap after GC invocations=1 (full 0):
 garbage-first heap   total 262144K, used 10617K [0x00000000e0000000, 0x0000000100000000)
  region size 1024K, 3 young (3072K), 3 survivors (3072K)
 Metaspace       used 1988K, committed 2176K, reserved 323584K
  class space    used 208K, committed 320K, reserved 315392K
}
Event: 11.985 GC heap before
{Heap before GC invocations=1 (full 0):
 garbage-first heap   total 262144K, used 37241K [0x00000000e0000000, 0x0000000100000000)
  region size 1024K, 29 young (29696K), 3 survivors (3072K)
 Metaspace       used 4069K, committed 4224K, reserved 323584K
  class space    used 507K, committed 640K, reserved 315392K
}
Event: 11.989 GC heap after
{Heap after GC invocations=2 (full 0):
 garbage-first heap   total 262144K, used 12108K [0x00000000e0000000, 0x0000000100000000)
  region size 1024K, 2 young (2048K), 2 survivors (2048K)
 Metaspace       used 4069K, committed 4224K, reserved 323584K
  class space    used 507K, committed 640K, reserved 315392K
}
Event: 27.532 GC heap before
{Heap before GC invocations=2 (full 0):
 garbage-first heap   total 262144K, used 136012K [0x00000000e0000000, 0x0000000100000000)
  region size 1024K, 121 young (123904K), 2 survivors (2048K)
 Metaspace       used 19961K, committed 20288K, reserved 339968K
  class space    used 2912K, committed 3072K, reserved 315392K
}
Event: 27.549 GC heap after
{Heap after GC invocations=3 (full 0):
 garbage-first heap   total 262144K, used 23230K [0x00000000e0000000, 0x0000000100000000)
  region size 1024K, 11 young (11264K), 11 survivors (11264K)
 Metaspace       used 19961K, committed 20288K, reserved 339968K
  class space    used 2912K, committed 3072K, reserved 315392K
}
Event: 28.228 GC heap before
{Heap before GC invocations=3 (full 0):
 garbage-first heap   total 262144K, used 32446K [0x00000000e0000000, 0x0000000100000000)
  region size 1024K, 21 young (21504K), 11 survivors (11264K)
 Metaspace       used 21207K, committed 21504K, reserved 339968K
  class space    used 3126K, committed 3264K, reserved 315392K
}
Event: 28.238 GC heap after
{Heap after GC invocations=4 (full 0):
 garbage-first heap   total 262144K, used 24133K [0x00000000e0000000, 0x0000000100000000)
  region size 1024K, 11 young (11264K), 11 survivors (11264K)
 Metaspace       used 21207K, committed 21504K, reserved 339968K
  class space    used 3126K, committed 3264K, reserved 315392K
}
Event: 39.179 GC heap before
{Heap before GC invocations=5 (full 0):
 garbage-first heap   total 262144K, used 144965K [0x00000000e0000000, 0x0000000100000000)
  region size 1024K, 126 young (129024K), 11 survivors (11264K)
 Metaspace       used 35555K, committed 35968K, reserved 348160K
  class space    used 4943K, committed 5184K, reserved 315392K
}
Event: 39.199 GC heap after
{Heap after GC invocations=6 (full 0):
 garbage-first heap   total 262144K, used 33800K [0x00000000e0000000, 0x0000000100000000)
  region size 1024K, 11 young (11264K), 11 survivors (11264K)
 Metaspace       used 35555K, committed 35968K, reserved 348160K
  class space    used 4943K, committed 5184K, reserved 315392K
}
Event: 80.133 GC heap before
{Heap before GC invocations=7 (full 0):
 garbage-first heap   total 262144K, used 180232K [0x00000000e0000000, 0x0000000100000000)
  region size 1024K, 153 young (156672K), 11 survivors (11264K)
 Metaspace       used 48709K, committed 49152K, reserved 364544K
  class space    used 6917K, committed 7104K, reserved 315392K
}
Event: 80.221 GC heap after
{Heap after GC invocations=8 (full 0):
 garbage-first heap   total 262144K, used 39472K [0x00000000e0000000, 0x0000000100000000)
  region size 1024K, 16 young (16384K), 16 survivors (16384K)
 Metaspace       used 48709K, committed 49152K, reserved 364544K
  class space    used 6917K, committed 7104K, reserved 315392K
}
Event: 116.858 GC heap before
{Heap before GC invocations=8 (full 0):
 garbage-first heap   total 262144K, used 178736K [0x00000000e0000000, 0x0000000100000000)
  region size 1024K, 153 young (156672K), 16 survivors (16384K)
 Metaspace       used 54407K, committed 54976K, reserved 364544K
  class space    used 7663K, committed 7936K, reserved 315392K
}
Event: 116.952 GC heap after
{Heap after GC invocations=9 (full 0):
 garbage-first heap   total 262144K, used 49413K [0x00000000e0000000, 0x0000000100000000)
  region size 1024K, 18 young (18432K), 18 survivors (18432K)
 Metaspace       used 54407K, committed 54976K, reserved 364544K
  class space    used 7663K, committed 7936K, reserved 315392K
}
Event: 255.457 GC heap before
{Heap before GC invocations=9 (full 0):
 garbage-first heap   total 262144K, used 187653K [0x00000000e0000000, 0x0000000100000000)
  region size 1024K, 153 young (156672K), 18 survivors (18432K)
 Metaspace       used 55590K, committed 56192K, reserved 364544K
  class space    used 7705K, committed 8000K, reserved 315392K
}
Event: 256.855 GC heap after
{Heap after GC invocations=10 (full 0):
 garbage-first heap   total 262144K, used 60039K [0x00000000e0000000, 0x0000000100000000)
  region size 1024K, 20 young (20480K), 20 survivors (20480K)
 Metaspace       used 55590K, committed 56192K, reserved 364544K
  class space    used 7705K, committed 8000K, reserved 315392K
}
Event: 260.830 GC heap before
{Heap before GC invocations=10 (full 0):
 garbage-first heap   total 262144K, used 61063K [0x00000000e0000000, 0x0000000100000000)
  region size 1024K, 21 young (21504K), 20 survivors (20480K)
 Metaspace       used 55602K, committed 56192K, reserved 364544K
  class space    used 7705K, committed 8000K, reserved 315392K
}
Event: 260.873 GC heap after
{Heap after GC invocations=11 (full 0):
 garbage-first heap   total 262144K, used 63415K [0x00000000e0000000, 0x0000000100000000)
  region size 1024K, 3 young (3072K), 3 survivors (3072K)
 Metaspace       used 55602K, committed 56192K, reserved 364544K
  class space    used 7705K, committed 8000K, reserved 315392K
}
Event: 343.065 GC heap before
{Heap before GC invocations=11 (full 0):
 garbage-first heap   total 262144K, used 122807K [0x00000000e0000000, 0x0000000100000000)
  region size 1024K, 61 young (62464K), 3 survivors (3072K)
 Metaspace       used 55779K, committed 56384K, reserved 364544K
  class space    used 7709K, committed 8000K, reserved 315392K
}
Event: 343.182 GC heap after
{Heap after GC invocations=12 (full 0):
 garbage-first heap   total 262144K, used 64336K [0x00000000e0000000, 0x0000000100000000)
  region size 1024K, 4 young (4096K), 4 survivors (4096K)
 Metaspace       used 55779K, committed 56384K, reserved 364544K
  class space    used 7709K, committed 8000K, reserved 315392K
}

